<?xml version="1.0" encoding="UTF-8"?>
<!-- Generated by org.testng.reporters.JUnitReportReporter -->
<testsuite hostname="NSL-6533" failures="0" tests="1" name="Abstract.Base" time="0.004" errors="0" timestamp="2022-09-20T16:37:23 IST" skipped="0">
  <testcase classname="Abstract.Base" name="test1" time="0.004"/>
  <system-out/>
</testsuite> <!-- Abstract.Base -->
