<?xml version="1.0" encoding="UTF-8"?>
<!-- Generated by org.testng.reporters.JUnitReportReporter -->
<testsuite hostname="NSL-6533" failures="0" tests="1" name="TestPages.TestScript" time="32.743" errors="0" timestamp="2022-09-20T18:07:56 IST" skipped="0">
  <testcase classname="TestPages.TestScript" name="test1" time="32.743"/>
  <system-out/>
</testsuite> <!-- TestPages.TestScript -->
