<?xml version="1.0" encoding="UTF-8"?>
<!-- Generated by org.testng.reporters.JUnitReportReporter -->
<testsuite hostname="NSL-6533" failures="0" tests="6" name="demo.Login" time="47.641" errors="0" timestamp="2022-07-13T16:01:41 IST" skipped="0">
  <testcase classname="demo.Login" name="test4" time="7.193"/>
  <system-out/>
  <testcase classname="demo.Login" name="test3" time="7.036"/>
  <system-out/>
  <testcase classname="demo.Login" name="test7" time="7.857"/>
  <system-out/>
  <testcase classname="demo.Login" name="test2" time="7.379"/>
  <system-out/>
  <testcase classname="demo.Login" name="test6" time="6.893"/>
  <system-out/>
  <testcase classname="demo.Login" name="test1" time="11.283"/>
  <system-out/>
</testsuite> <!-- demo.Login -->
